2019-12-04 21:37:46 | ERROR | D:\WebDevX64\MyWeb\film\php\mysqli_connect.php:58 []
2019-12-04 21:37:46 | ERROR | D:\WebDevX64\MyWeb\film\php\mysqli_connect.php:61 []
2019-12-04 21:44:04 | ERROR | D:\WebDevX64\MyWeb\film\php\mysqli_connect.php:58 []
2019-12-04 21:44:04 | ERROR | D:\WebDevX64\MyWeb\film\php\mysqli_connect.php:61 []
2019-12-04 21:44:10 | ERROR | D:\WebDevX64\MyWeb\film\php\mysqli_connect.php:58 []
2019-12-04 21:44:10 | ERROR | D:\WebDevX64\MyWeb\film\php\mysqli_connect.php:61 []
2019-12-04 21:45:24 | ERROR | D:\WebDevX64\MyWeb\film\php\mysqli_connect.php:58 []
2019-12-04 21:45:24 | ERROR | D:\WebDevX64\MyWeb\film\php\mysqli_connect.php:61 []
2019-12-04 21:47:22 | ERROR | D:\WebDevX64\MyWeb\film\php\mysqli_connect.php:58 []
2019-12-04 21:47:22 | ERROR | D:\WebDevX64\MyWeb\film\php\mysqli_connect.php:61 []
2019-12-04 21:48:59 | ERROR | D:\WebDevX64\MyWeb\film\php\mysqli_connect.php:58 []
2019-12-04 21:48:59 | ERROR | D:\WebDevX64\MyWeb\film\php\mysqli_connect.php:61 []
2019-12-04 21:48:59 | WARNING | {"is_error":true,"error_type":102,"error_message":null,"result":""}
2019-12-04 21:51:14 | ERROR | D:\WebDevX64\MyWeb\film\php\mysqli_connect.php:58 []
2019-12-04 21:51:14 | ERROR | D:\WebDevX64\MyWeb\film\php\mysqli_connect.php:61 []
2019-12-04 21:51:14 | WARNING | {"is_error":true,"error_type":102,"error_message":null,"result":""}
2019-12-04 21:54:03 | ERROR | SELECT id,name,name_CN,language,release_time,movie_douban FROM film  LIMIT 100  OFFSET 0 \n\nArray
2019-12-04 21:54:03 | ERROR | D:\WebDevX64\MyWeb\film\php\mysqli_connect.php:58 []
2019-12-04 21:54:03 | ERROR | D:\WebDevX64\MyWeb\film\php\mysqli_connect.php:61 []
2019-12-04 21:54:03 | WARNING | {"is_error":true,"error_type":102,"error_message":null,"result":""}
2019-12-04 21:55:33 | ERROR | SELECT id,name,name_CN,language,release_time,movie_douban FROM film  LIMIT 100  OFFSET 0 \n\n[]
2019-12-04 21:55:33 | ERROR | D:\WebDevX64\MyWeb\film\php\mysqli_connect.php:58 []
2019-12-04 21:55:33 | ERROR | D:\WebDevX64\MyWeb\film\php\mysqli_connect.php:61 []
2019-12-04 21:55:33 | WARNING | {"is_error":true,"error_type":102,"error_message":null,"result":""}
2019-12-04 21:57:18 | ERROR | stmt [[]]
2019-12-04 21:57:18 | ERROR | D:\WebDevX64\MyWeb\film\php\mysqli_connect.php:59 []
2019-12-04 21:57:18 | ERROR | D:\WebDevX64\MyWeb\film\php\mysqli_connect.php:62 []
2019-12-04 21:57:18 | WARNING | {"is_error":true,"error_type":102,"error_message":null,"result":""}
2019-12-04 22:22:04 | ERROR | film {"id":1,"name":"\u5c11\u5e74\u7684\u4f60","name_CN":"","language":"\u6c49\u8bed","release_time":"2019-10-25","movie_douban":"https:\/\/movie.douban.com\/subject\/30166972\/?from=showing"}
2019-12-04 22:22:04 | ERROR | director [{"director_name":"\u66fe\u56fd\u7965"}]
2019-12-04 22:23:56 | ERROR | director [{"director_name":"\u66fe\u56fd\u7965"}]
2019-12-04 22:24:48 | ERROR | film {"id":1,"name":"\u5c11\u5e74\u7684\u4f60","name_CN":"","language":"\u6c49\u8bed","release_time":"2019-10-25","movie_douban":"https:\/\/movie.douban.com\/subject\/30166972\/?from=showing"}
2019-12-04 22:24:48 | ERROR | director [{"director_name":"\u66fe\u56fd\u7965"}]
2019-12-04 22:24:48 | ERROR | film2 {"id":1,"name":"\u5c11\u5e74\u7684\u4f60","name_CN":"","language":"\u6c49\u8bed","release_time":"2019-10-25","movie_douban":"https:\/\/movie.douban.com\/subject\/30166972\/?from=showing","director":[]}
2019-12-04 22:25:27 | ERROR | film {"id":1,"name":"\u5c11\u5e74\u7684\u4f60","name_CN":"","language":"\u6c49\u8bed","release_time":"2019-10-25","movie_douban":"https:\/\/movie.douban.com\/subject\/30166972\/?from=showing"}
2019-12-04 22:25:27 | ERROR | director [{"director_name":"\u66fe\u56fd\u7965"}]
2019-12-04 22:25:27 | ERROR | films [{"id":1,"name":"\u5c11\u5e74\u7684\u4f60","name_CN":"","language":"\u6c49\u8bed","release_time":"2019-10-25","movie_douban":"https:\/\/movie.douban.com\/subject\/30166972\/?from=showing"}]
